2017-08-21 17:01:13 : ss2017-08-21 17:01:22 : ss
2017-08-21 17:01:41 : ss
2017-08-21 17:01:46 : ss
2017-08-21 17:01:47 : ss
2017-08-21 17:01:47 : ss
2017-08-21 17:01:48 : ss
2017-08-21 17:01:48 : ss
2017-08-21 17:01:48 : ss
2017-08-21 17:01:48 : ss
2017-08-21 17:01:49 : ss
2017-08-21 17:01:50 : ss
2017-08-21 17:01:51 : ss
2017-08-21 17:01:52 : ss
2017-08-21 17:01:52 : ss
2017-08-21 17:01:53 : ss
2017-08-21 17:02:05 : ss
2017-08-21 17:02:06 : ss
2017-08-21 17:02:07 : ss
2017-08-21 17:02:07 : ss
2017-08-21 17:03:19 ss
2017-08-21 17:05:51 ss [INFO]
2017-08-21 17:06:00[INFO ss ]
2017-08-21 17:06:07 [INFO ss ]
2017-08-21 17:06:18 [INFO] ss 
2017-08-21 17:06:40 [warn] ss 
2017-08-21 17:06:47 [] ss 
2017-08-21 17:10:20 [s] ss 
2017-08-21 17:10:41 [s] ss 
2017-08-21 17:10:55 [s] ss 